Determining if the pthread_create exist failed with the following output:
Change Dir: /home/adminuser/ws_moveitbk/build/myur5_description/CMakeFiles/CMakeTmp

Run Build Command:"/usr/bin/make" "cmTC_f9907/fast"
/usr/bin/make -f CMakeFiles/cmTC_f9907.dir/build.make CMakeFiles/cmTC_f9907.dir/build
make[1]: Entering directory '/home/adminuser/ws_moveitbk/build/myur5_description/CMakeFiles/CMakeTmp'
Building C object CMakeFiles/cmTC_f9907.dir/CheckSymbolExists.c.o
/usr/bin/cc    -o CMakeFiles/cmTC_f9907.dir/CheckSymbolExists.c.o   -c /home/adminuser/ws_moveitbk/build/myur5_description/CMakeFiles/CMakeTmp/CheckSymbolExists.c
Linking C executable cmTC_f9907
/usr/bin/cmake -E cmake_link_script CMakeFiles/cmTC_f9907.dir/link.txt --verbose=1
/usr/bin/cc      -rdynamic CMakeFiles/cmTC_f9907.dir/CheckSymbolExists.c.o  -o cmTC_f9907 
CMakeFiles/cmTC_f9907.dir/CheckSymbolExists.c.o: In function `main':
CheckSymbolExists.c:(.text+0x1b): undefined reference to `pthread_create'
collect2: error: ld returned 1 exit status
CMakeFiles/cmTC_f9907.dir/build.make:97: recipe for target 'cmTC_f9907' failed
make[1]: *** [cmTC_f9907] Error 1
make[1]: Leaving directory '/home/adminuser/ws_moveitbk/build/myur5_description/CMakeFiles/CMakeTmp'
Makefile:126: recipe for target 'cmTC_f9907/fast' failed
make: *** [cmTC_f9907/fast] Error 2

File /home/adminuser/ws_moveitbk/build/myur5_description/CMakeFiles/CMakeTmp/CheckSymbolExists.c:
/* */
#include <pthread.h>

int main(int argc, char** argv)
{
  (void)argv;
#ifndef pthread_create
  return ((int*)(&pthread_create))[argc];
#else
  (void)argc;
  return 0;
#endif
}

Determining if the function pthread_create exists in the pthreads failed with the following output:
Change Dir: /home/adminuser/ws_moveitbk/build/myur5_description/CMakeFiles/CMakeTmp

Run Build Command:"/usr/bin/make" "cmTC_fdc06/fast"
/usr/bin/make -f CMakeFiles/cmTC_fdc06.dir/build.make CMakeFiles/cmTC_fdc06.dir/build
make[1]: Entering directory '/home/adminuser/ws_moveitbk/build/myur5_description/CMakeFiles/CMakeTmp'
Building C object CMakeFiles/cmTC_fdc06.dir/CheckFunctionExists.c.o
/usr/bin/cc   -DCHECK_FUNCTION_EXISTS=pthread_create   -o CMakeFiles/cmTC_fdc06.dir/CheckFunctionExists.c.o   -c /usr/share/cmake-3.10/Modules/CheckFunctionExists.c
Linking C executable cmTC_fdc06
/usr/bin/cmake -E cmake_link_script CMakeFiles/cmTC_fdc06.dir/link.txt --verbose=1
/usr/bin/cc  -DCHECK_FUNCTION_EXISTS=pthread_create    -rdynamic CMakeFiles/cmTC_fdc06.dir/CheckFunctionExists.c.o  -o cmTC_fdc06 -lpthreads 
/usr/bin/ld: cannot find -lpthreads
collect2: error: ld returned 1 exit status
CMakeFiles/cmTC_fdc06.dir/build.make:97: recipe for target 'cmTC_fdc06' failed
make[1]: *** [cmTC_fdc06] Error 1
make[1]: Leaving directory '/home/adminuser/ws_moveitbk/build/myur5_description/CMakeFiles/CMakeTmp'
Makefile:126: recipe for target 'cmTC_fdc06/fast' failed
make: *** [cmTC_fdc06/fast] Error 2


