[35m[1mScanning dependencies of target _ur_msgs_generate_messages_check_deps_Digital[0m
[  0%] Built target _ur_msgs_generate_messages_check_deps_Digital
[35m[1mScanning dependencies of target _ur_msgs_generate_messages_check_deps_IOStates[0m
[  0%] Built target _ur_msgs_generate_messages_check_deps_IOStates
[35m[1mScanning dependencies of target _ur_msgs_generate_messages_check_deps_SetIO[0m
[  0%] Built target _ur_msgs_generate_messages_check_deps_SetIO
[35m[1mScanning dependencies of target _ur_msgs_generate_messages_check_deps_Analog[0m
[  0%] Built target _ur_msgs_generate_messages_check_deps_Analog
[35m[1mScanning dependencies of target _ur_msgs_generate_messages_check_deps_ToolDataMsg[0m
[  0%] Built target _ur_msgs_generate_messages_check_deps_ToolDataMsg
[35m[1mScanning dependencies of target std_msgs_generate_messages_py[0m
[  0%] Built target std_msgs_generate_messages_py
[35m[1mScanning dependencies of target _ur_msgs_generate_messages_check_deps_RobotModeDataMsg[0m
[  0%] Built target _ur_msgs_generate_messages_check_deps_RobotModeDataMsg
[35m[1mScanning dependencies of target _ur_msgs_generate_messages_check_deps_MasterboardDataMsg[0m
[  0%] Built target _ur_msgs_generate_messages_check_deps_MasterboardDataMsg
[35m[1mScanning dependencies of target _ur_msgs_generate_messages_check_deps_SetSpeedSliderFraction[0m
[35m[1mScanning dependencies of target _ur_msgs_generate_messages_check_deps_RobotStateRTMsg[0m
[  0%] Built target _ur_msgs_generate_messages_check_deps_SetSpeedSliderFraction
[  0%] Built target _ur_msgs_generate_messages_check_deps_RobotStateRTMsg
[35m[1mScanning dependencies of target _ur_msgs_generate_messages_check_deps_SetPayload[0m
[  0%] Built target _ur_msgs_generate_messages_check_deps_SetPayload
[35m[1mScanning dependencies of target std_msgs_generate_messages_nodejs[0m
[  0%] Built target std_msgs_generate_messages_nodejs
[35m[1mScanning dependencies of target std_msgs_generate_messages_cpp[0m
[  0%] Built target std_msgs_generate_messages_cpp
[35m[1mScanning dependencies of target std_msgs_generate_messages_eus[0m
[  0%] Built target std_msgs_generate_messages_eus
[35m[1mScanning dependencies of target std_msgs_generate_messages_lisp[0m
[  0%] Built target std_msgs_generate_messages_lisp
[35m[1mScanning dependencies of target ur_msgs_generate_messages_py[0m
[ 22%] Built target ur_msgs_generate_messages_py
[35m[1mScanning dependencies of target ur_msgs_generate_messages_nodejs[0m
[ 41%] Built target ur_msgs_generate_messages_nodejs
[35m[1mScanning dependencies of target ur_msgs_generate_messages_cpp[0m
[ 60%] Built target ur_msgs_generate_messages_cpp
[35m[1mScanning dependencies of target ur_msgs_generate_messages_eus[0m
[ 81%] Built target ur_msgs_generate_messages_eus
[35m[1mScanning dependencies of target ur_msgs_generate_messages_lisp[0m
[100%] Built target ur_msgs_generate_messages_lisp
[35m[1mScanning dependencies of target ur_msgs_generate_messages[0m
[100%] Built target ur_msgs_generate_messages
