[35m[1mScanning dependencies of target topic_tools_generate_messages_cpp[0m
[35m[1mScanning dependencies of target roscpp_generate_messages_py[0m
[  0%] Built target topic_tools_generate_messages_cpp
[  0%] Built target roscpp_generate_messages_py
[35m[1mScanning dependencies of target trajectory_msgs_generate_messages_eus[0m
[  0%] Built target trajectory_msgs_generate_messages_eus
[35m[1mScanning dependencies of target roscpp_generate_messages_cpp[0m
[35m[1mScanning dependencies of target moveit_msgs_generate_messages_nodejs[0m
[  0%] Built target roscpp_generate_messages_cpp
[  0%] Built target moveit_msgs_generate_messages_nodejs
[35m[1mScanning dependencies of target sensor_msgs_generate_messages_nodejs[0m
[  0%] Built target sensor_msgs_generate_messages_nodejs
[35m[1mScanning dependencies of target actionlib_generate_messages_cpp[0m
[  0%] Built target actionlib_generate_messages_cpp
[35m[1mScanning dependencies of target nodelet_generate_messages_eus[0m
[  0%] Built target nodelet_generate_messages_eus
[35m[1mScanning dependencies of target object_recognition_msgs_generate_messages_eus[0m
[  0%] Built target object_recognition_msgs_generate_messages_eus
[35m[1mScanning dependencies of target octomap_msgs_generate_messages_eus[0m
[  0%] Built target octomap_msgs_generate_messages_eus
[35m[1mScanning dependencies of target geometry_msgs_generate_messages_lisp[0m
[  0%] Built target geometry_msgs_generate_messages_lisp
[35m[1mScanning dependencies of target shape_msgs_generate_messages_nodejs[0m
[  0%] Built target shape_msgs_generate_messages_nodejs
[35m[1mScanning dependencies of target geometry_msgs_generate_messages_py[0m
[  0%] Built target geometry_msgs_generate_messages_py
[35m[1mScanning dependencies of target tf_generate_messages_lisp[0m
[  0%] Built target tf_generate_messages_lisp
[35m[1mScanning dependencies of target octomap_msgs_generate_messages_py[0m
[  0%] Built target octomap_msgs_generate_messages_py
[35m[1mScanning dependencies of target tf_generate_messages_nodejs[0m
[  0%] Built target tf_generate_messages_nodejs
[35m[1mScanning dependencies of target dynamic_reconfigure_generate_messages_cpp[0m
[  0%] Built target dynamic_reconfigure_generate_messages_cpp
[35m[1mScanning dependencies of target tf_generate_messages_py[0m
[  0%] Built target tf_generate_messages_py
[35m[1mScanning dependencies of target nodelet_generate_messages_py[0m
[  0%] Built target nodelet_generate_messages_py
[35m[1mScanning dependencies of target sensor_msgs_generate_messages_py[0m
[  0%] Built target sensor_msgs_generate_messages_py
[35m[1mScanning dependencies of target sensor_msgs_generate_messages_cpp[0m
[  0%] Built target sensor_msgs_generate_messages_cpp
[35m[1mScanning dependencies of target sensor_msgs_generate_messages_eus[0m
[  0%] Built target sensor_msgs_generate_messages_eus
[35m[1mScanning dependencies of target graph_msgs_generate_messages_lisp[0m
[  0%] Built target graph_msgs_generate_messages_lisp
[35m[1mScanning dependencies of target geometry_msgs_generate_messages_nodejs[0m
[  0%] Built target geometry_msgs_generate_messages_nodejs
[35m[1mScanning dependencies of target object_recognition_msgs_generate_messages_lisp[0m
[  0%] Built target object_recognition_msgs_generate_messages_lisp
[35m[1mScanning dependencies of target pcl_msgs_generate_messages_py[0m
[  0%] Built target pcl_msgs_generate_messages_py
[35m[1mScanning dependencies of target actionlib_generate_messages_eus[0m
[  0%] Built target actionlib_generate_messages_eus
[35m[1mScanning dependencies of target moveit_msgs_generate_messages_py[0m
[  0%] Built target moveit_msgs_generate_messages_py
[35m[1mScanning dependencies of target geometry_msgs_generate_messages_cpp[0m
[  0%] Built target geometry_msgs_generate_messages_cpp
[35m[1mScanning dependencies of target actionlib_generate_messages_lisp[0m
[  0%] Built target actionlib_generate_messages_lisp
[35m[1mScanning dependencies of target rosgraph_msgs_generate_messages_eus[0m
[  0%] Built target rosgraph_msgs_generate_messages_eus
[35m[1mScanning dependencies of target object_recognition_msgs_generate_messages_cpp[0m
[  0%] Built target object_recognition_msgs_generate_messages_cpp
[35m[1mScanning dependencies of target tf_generate_messages_eus[0m
[  0%] Built target tf_generate_messages_eus
[35m[1mScanning dependencies of target actionlib_msgs_generate_messages_cpp[0m
[  0%] Built target actionlib_msgs_generate_messages_cpp
[35m[1mScanning dependencies of target roscpp_generate_messages_eus[0m
[  0%] Built target roscpp_generate_messages_eus
[35m[1mScanning dependencies of target rosgraph_msgs_generate_messages_py[0m
[  0%] Built target rosgraph_msgs_generate_messages_py
[35m[1mScanning dependencies of target actionlib_msgs_generate_messages_eus[0m
[  0%] Built target actionlib_msgs_generate_messages_eus
[35m[1mScanning dependencies of target octomap_msgs_generate_messages_cpp[0m
[  0%] Built target octomap_msgs_generate_messages_cpp
[35m[1mScanning dependencies of target actionlib_msgs_generate_messages_lisp[0m
[  0%] Built target actionlib_msgs_generate_messages_lisp
[35m[1mScanning dependencies of target actionlib_msgs_generate_messages_py[0m
[  0%] Built target actionlib_msgs_generate_messages_py
[35m[1mScanning dependencies of target tf2_msgs_generate_messages_cpp[0m
[  0%] Built target tf2_msgs_generate_messages_cpp
[35m[1mScanning dependencies of target visualization_msgs_generate_messages_cpp[0m
[  0%] Built target visualization_msgs_generate_messages_cpp
[35m[1mScanning dependencies of target tf2_msgs_generate_messages_eus[0m
[  0%] Built target tf2_msgs_generate_messages_eus
[35m[1mScanning dependencies of target dynamic_reconfigure_gencfg[0m
[  0%] Built target dynamic_reconfigure_gencfg
[35m[1mScanning dependencies of target tf2_msgs_generate_messages_lisp[0m
[  0%] Built target tf2_msgs_generate_messages_lisp
[35m[1mScanning dependencies of target actionlib_generate_messages_py[0m
[  0%] Built target actionlib_generate_messages_py
[35m[1mScanning dependencies of target tf2_msgs_generate_messages_py[0m
[  0%] Built target tf2_msgs_generate_messages_py
[35m[1mScanning dependencies of target tf2_msgs_generate_messages_nodejs[0m
[  0%] Built target tf2_msgs_generate_messages_nodejs
[35m[1mScanning dependencies of target std_msgs_generate_messages_nodejs[0m
[  0%] Built target std_msgs_generate_messages_nodejs
[35m[1mScanning dependencies of target moveit_msgs_generate_messages_cpp[0m
[  0%] Built target moveit_msgs_generate_messages_cpp
[35m[1mScanning dependencies of target moveit_msgs_generate_messages_eus[0m
[  0%] Built target moveit_msgs_generate_messages_eus
[35m[1mScanning dependencies of target moveit_msgs_generate_messages_lisp[0m
[  0%] Built target moveit_msgs_generate_messages_lisp
[35m[1mScanning dependencies of target shape_msgs_generate_messages_py[0m
[  0%] Built target shape_msgs_generate_messages_py
[35m[1mScanning dependencies of target trajectory_msgs_generate_messages_cpp[0m
[  0%] Built target trajectory_msgs_generate_messages_cpp
[35m[1mScanning dependencies of target bond_generate_messages_cpp[0m
[35m[1mScanning dependencies of target trajectory_msgs_generate_messages_lisp[0m
[  0%] Built target bond_generate_messages_cpp
[  0%] Built target trajectory_msgs_generate_messages_lisp
[35m[1mScanning dependencies of target bond_generate_messages_nodejs[0m
[35m[1mScanning dependencies of target trajectory_msgs_generate_messages_nodejs[0m
[  0%] Built target bond_generate_messages_nodejs
[  0%] Built target trajectory_msgs_generate_messages_nodejs
[35m[1mScanning dependencies of target std_srvs_generate_messages_eus[0m
[35m[1mScanning dependencies of target roscpp_generate_messages_lisp[0m
[35m[1mScanning dependencies of target octomap_msgs_generate_messages_lisp[0m
[  0%] Built target std_srvs_generate_messages_eus
[  0%] Built target roscpp_generate_messages_lisp
[  0%] Built target octomap_msgs_generate_messages_lisp
[35m[1mScanning dependencies of target bond_generate_messages_py[0m
[35m[1mScanning dependencies of target bond_generate_messages_lisp[0m
[35m[1mScanning dependencies of target bond_generate_messages_eus[0m
[  0%] Built target bond_generate_messages_py
[  0%] Built target bond_generate_messages_lisp
[  0%] Built target bond_generate_messages_eus
[35m[1mScanning dependencies of target nodelet_generate_messages_nodejs[0m
[35m[1mScanning dependencies of target nodelet_generate_messages_lisp[0m
[35m[1mScanning dependencies of target nodelet_generate_messages_cpp[0m
[  0%] Built target nodelet_generate_messages_nodejs
[  0%] Built target nodelet_generate_messages_lisp
[  0%] Built target nodelet_generate_messages_cpp
[35m[1mScanning dependencies of target pcl_ros_gencfg[0m
[35m[1mScanning dependencies of target pcl_msgs_generate_messages_eus[0m
[35m[1mScanning dependencies of target pcl_msgs_generate_messages_nodejs[0m
[  0%] Built target pcl_ros_gencfg
[  0%] Built target pcl_msgs_generate_messages_eus
[  0%] Built target pcl_msgs_generate_messages_nodejs
[35m[1mScanning dependencies of target pcl_msgs_generate_messages_cpp[0m
[35m[1mScanning dependencies of target graph_msgs_generate_messages_nodejs[0m
[35m[1mScanning dependencies of target graph_msgs_generate_messages_cpp[0m
[  0%] Built target pcl_msgs_generate_messages_cpp
[  0%] Built target graph_msgs_generate_messages_nodejs
[  0%] Built target graph_msgs_generate_messages_cpp
[35m[1mScanning dependencies of target std_srvs_generate_messages_py[0m
[35m[1mScanning dependencies of target std_srvs_generate_messages_lisp[0m
[  0%] Built target std_srvs_generate_messages_py
[35m[1mScanning dependencies of target moveit_ros_manipulation_gencfg[0m
[  0%] Built target std_srvs_generate_messages_lisp
[  0%] Built target moveit_ros_manipulation_gencfg
[35m[1mScanning dependencies of target dynamic_reconfigure_generate_messages_nodejs[0m
[35m[1mScanning dependencies of target dynamic_reconfigure_generate_messages_lisp[0m
[35m[1mScanning dependencies of target dynamic_reconfigure_generate_messages_eus[0m
[  0%] Built target dynamic_reconfigure_generate_messages_lisp
[  0%] Built target dynamic_reconfigure_generate_messages_nodejs
[  0%] Built target dynamic_reconfigure_generate_messages_eus
[35m[1mScanning dependencies of target moveit_ros_planning_gencfg[0m
[35m[1mScanning dependencies of target rosgraph_msgs_generate_messages_lisp[0m
[35m[1mScanning dependencies of target rosgraph_msgs_generate_messages_cpp[0m
[  0%] Built target rosgraph_msgs_generate_messages_lisp
[  0%] Built target moveit_ros_planning_gencfg
[  0%] Built target rosgraph_msgs_generate_messages_cpp
[35m[1mScanning dependencies of target visualization_msgs_generate_messages_py[0m
[35m[1mScanning dependencies of target geometry_msgs_generate_messages_eus[0m
[35m[1mScanning dependencies of target visualization_msgs_generate_messages_eus[0m
[  0%] Built target visualization_msgs_generate_messages_py
[  0%] Built target geometry_msgs_generate_messages_eus
[  0%] Built target visualization_msgs_generate_messages_eus
[35m[1mScanning dependencies of target object_recognition_msgs_generate_messages_nodejs[0m
[35m[1mScanning dependencies of target std_srvs_generate_messages_nodejs[0m
[35m[1mScanning dependencies of target octomap_msgs_generate_messages_nodejs[0m
[  0%] Built target object_recognition_msgs_generate_messages_nodejs
[  0%] Built target std_srvs_generate_messages_nodejs
[  0%] Built target octomap_msgs_generate_messages_nodejs
[35m[1mScanning dependencies of target object_recognition_msgs_generate_messages_py[0m
[35m[1mScanning dependencies of target std_msgs_generate_messages_py[0m
[35m[1mScanning dependencies of target roscpp_generate_messages_nodejs[0m
[  0%] Built target object_recognition_msgs_generate_messages_py
[  0%] Built target std_msgs_generate_messages_py
[  0%] Built target roscpp_generate_messages_nodejs
[35m[1mScanning dependencies of target std_msgs_generate_messages_lisp[0m
[35m[1mScanning dependencies of target rosgraph_msgs_generate_messages_nodejs[0m
[35m[1mScanning dependencies of target trajectory_msgs_generate_messages_py[0m
[  0%] Built target std_msgs_generate_messages_lisp
[  0%] Built target trajectory_msgs_generate_messages_py
[35m[1mScanning dependencies of target graph_msgs_generate_messages_eus[0m
[  0%] Built target rosgraph_msgs_generate_messages_nodejs
[35m[1mScanning dependencies of target std_srvs_generate_messages_cpp[0m
[  0%] Built target graph_msgs_generate_messages_eus
[35m[1mScanning dependencies of target sensor_msgs_generate_messages_lisp[0m
[  0%] Built target std_srvs_generate_messages_cpp
[  0%] Built target sensor_msgs_generate_messages_lisp
[35m[1mScanning dependencies of target dynamic_reconfigure_generate_messages_py[0m
[35m[1mScanning dependencies of target shape_msgs_generate_messages_lisp[0m
[35m[1mScanning dependencies of target shape_msgs_generate_messages_cpp[0m
[  0%] Built target dynamic_reconfigure_generate_messages_py
[  0%] Built target shape_msgs_generate_messages_lisp
[  0%] Built target shape_msgs_generate_messages_cpp
[35m[1mScanning dependencies of target pcl_msgs_generate_messages_lisp[0m
[35m[1mScanning dependencies of target graph_msgs_generate_messages_py[0m
[35m[1mScanning dependencies of target tf_generate_messages_cpp[0m
[  0%] Built target pcl_msgs_generate_messages_lisp
[  0%] Built target graph_msgs_generate_messages_py
[  0%] Built target tf_generate_messages_cpp
[35m[1mScanning dependencies of target actionlib_generate_messages_nodejs[0m
[35m[1mScanning dependencies of target std_msgs_generate_messages_cpp[0m
[35m[1mScanning dependencies of target std_msgs_generate_messages_eus[0m
[  0%] Built target std_msgs_generate_messages_cpp
[  0%] Built target actionlib_generate_messages_nodejs
[  0%] Built target std_msgs_generate_messages_eus
[35m[1mScanning dependencies of target visualization_msgs_generate_messages_lisp[0m
[35m[1mScanning dependencies of target visualization_msgs_generate_messages_nodejs[0m
[35m[1mScanning dependencies of target topic_tools_generate_messages_py[0m
[  0%] Built target visualization_msgs_generate_messages_lisp
[  0%] Built target visualization_msgs_generate_messages_nodejs
[  0%] Built target topic_tools_generate_messages_py
[35m[1mScanning dependencies of target actionlib_msgs_generate_messages_nodejs[0m
[35m[1mScanning dependencies of target nodelet_topic_tools_gencfg[0m
[35m[1mScanning dependencies of target shape_msgs_generate_messages_eus[0m
[  0%] Built target nodelet_topic_tools_gencfg
[  0%] Built target actionlib_msgs_generate_messages_nodejs
[  0%] Built target shape_msgs_generate_messages_eus
[35m[1mScanning dependencies of target topic_tools_generate_messages_nodejs[0m
[35m[1mScanning dependencies of target topic_tools_generate_messages_lisp[0m
[35m[1mScanning dependencies of target topic_tools_generate_messages_eus[0m
[  0%] Built target topic_tools_generate_messages_nodejs
[  0%] Built target topic_tools_generate_messages_lisp
[  0%] Built target topic_tools_generate_messages_eus
[35m[1mScanning dependencies of target matrix_reader_18[0m
[35m[1mScanning dependencies of target des_point_pub[0m
[  2%] [32mBuilding CXX object CMakeFiles/des_point_pub.dir/src/des_point_pub.cpp.o[0m
[  4%] [32mBuilding CXX object CMakeFiles/matrix_reader_18.dir/src/matrix_reader_18.cpp.o[0m
[35m[1mScanning dependencies of target plan_reader[0m
[  6%] [32mBuilding CXX object CMakeFiles/plan_reader.dir/src/plan_reader.cpp.o[0m
[35m[1mScanning dependencies of target matrix_storer_28[0m
[  8%] [32mBuilding CXX object CMakeFiles/matrix_storer_28.dir/src/matrix_storer_28.cpp.o[0m
[35m[1mScanning dependencies of target matrix_storer_5[0m
[ 10%] [32mBuilding CXX object CMakeFiles/matrix_storer_5.dir/src/matrix_storer_5.cpp.o[0m
[35m[1mScanning dependencies of target matrix_storer[0m
[35m[1mScanning dependencies of target trajectory_pub[0m
[ 12%] [32mBuilding CXX object CMakeFiles/trajectory_pub.dir/src/trajectory_pub.cpp.o[0m
[ 14%] [32mBuilding CXX object CMakeFiles/matrix_storer.dir/src/matrix_storer.cpp.o[0m
[ 16%] [32m[1mLinking CXX executable /home/adminuser/ws_moveit3/devel/lib/motion_planning/des_point_pub[0m
[ 16%] Built target des_point_pub
[35m[1mScanning dependencies of target move_cartesian[0m
[ 18%] [32mBuilding CXX object CMakeFiles/move_cartesian.dir/src/move_cartesian.cpp.o[0m
[ 20%] [32m[1mLinking CXX executable /home/adminuser/ws_moveit3/devel/lib/motion_planning/trajectory_pub[0m
[35m[1mScanning dependencies of target move_person[0m
[ 22%] [32mBuilding CXX object CMakeFiles/move_person.dir/src/move_person.cpp.o[0m
[35m[1mScanning dependencies of target move_cSpace[0m
[ 24%] [32mBuilding CXX object CMakeFiles/move_cSpace.dir/src/move_cSpace.cpp.o[0m
[ 24%] Built target trajectory_pub
[35m[1mScanning dependencies of target add_body[0m
[ 26%] [32mBuilding CXX object CMakeFiles/add_body.dir/src/add_body.cpp.o[0m
[35m[1mScanning dependencies of target matrix_storer_18[0m
[ 28%] [32mBuilding CXX object CMakeFiles/matrix_storer_18.dir/src/matrix_storer_18.cpp.o[0m
In file included from [01m[K/opt/ros/melodic/include/tf/transform_datatypes.h:44:0[m[K,
                 from [01m[K/opt/ros/melodic/include/tf/time_cache.h:38[m[K,
                 from [01m[K/opt/ros/melodic/include/tf/tf.h:44[m[K,
                 from [01m[K/opt/ros/melodic/include/tf/transform_listener.h:38[m[K,
                 from [01m[K/home/adminuser/ws_moveit3/src/motion_planning/src/move_cSpace.cpp:3[m[K:
[01m[K/home/adminuser/ws_moveit3/src/motion_planning/src/move_cSpace.cpp:[m[K In function ‘[01m[Kvoid callback(const ConstPtr&)[m[K’:
[01m[K/opt/ros/melodic/include/ros/console.h:348:176:[m[K [01;35m[Kwarning: [m[Kformat ‘[01m[K%s[m[K’ expects argument of type ‘[01m[Kchar*[m[K’, but argument 8 has type ‘[01m[Kconst _frame_id_type {aka const std::__cxx11::basic_string<char>}[m[K’ [[01;35m[K-Wformat=[m[K]
     ::ros::console::print(filter, __rosconsole_define_location__loc.logger_, __rosconsole_define_location__loc.level_, __FILE__, __LINE__, __ROSCONSOLE_FUNCTION__, __VA_ARGS__[01;35m[K)[m[K
                                                                                                                                                                                [01;35m[K^[m[K
[01m[K/opt/ros/melodic/include/ros/console.h:351:5:[m[K [01;36m[Knote: [m[Kin expansion of macro ‘[01m[KROSCONSOLE_PRINT_AT_LOCATION_WITH_FILTER[m[K’
     [01;36m[KROSCONSOLE_PRINT_AT_LOCATION_WITH_FILTER[m[K(NULL, __VA_ARGS__)
     [01;36m[K^~~~~~~~~~~~~~~~~~~~~~~~~~~~~~~~~~~~~~~~[m[K
[01m[K/opt/ros/melodic/include/ros/console.h:387:7:[m[K [01;36m[Knote: [m[Kin expansion of macro ‘[01m[KROSCONSOLE_PRINT_AT_LOCATION[m[K’
       [01;36m[KROSCONSOLE_PRINT_AT_LOCATION[m[K(__VA_ARGS__); \
       [01;36m[K^~~~~~~~~~~~~~~~~~~~~~~~~~~~[m[K
[01m[K/opt/ros/melodic/include/ros/console.h:572:35:[m[K [01;36m[Knote: [m[Kin expansion of macro ‘[01m[KROS_LOG_COND[m[K’
 #define ROS_LOG(level, name, ...) [01;36m[KROS_LOG_COND[m[K(true, level, name, __VA_ARGS__)
                                   [01;36m[K^~~~~~~~~~~~[m[K
[01m[K/opt/ros/melodic/include/rosconsole/macros_generated.h:110:23:[m[K [01;36m[Knote: [m[Kin expansion of macro ‘[01m[KROS_LOG[m[K’
 #define ROS_INFO(...) [01;36m[KROS_LOG[m[K(::ros::console::levels::Info, ROSCONSOLE_DEFAULT_NAME, __VA_ARGS__)
                       [01;36m[K^~~~~~~[m[K
[01m[K/home/adminuser/ws_moveit3/src/motion_planning/src/move_cSpace.cpp:23:3:[m[K [01;36m[Knote: [m[Kin expansion of macro ‘[01m[KROS_INFO[m[K’
   [01;36m[KR[m[KOS_INFO("I heard: [%s]", msg->header.frame_id);
   [01;36m[K^[m[K
[ 30%] [32m[1mLinking CXX executable /home/adminuser/ws_moveit3/devel/lib/motion_planning/move_person[0m
[ 32%] [32m[1mLinking CXX executable /home/adminuser/ws_moveit3/devel/lib/motion_planning/add_body[0m
[ 32%] Built target move_person
[ 34%] [32m[1mLinking CXX executable /home/adminuser/ws_moveit3/devel/lib/motion_planning/matrix_reader_18[0m
[ 36%] [32m[1mLinking CXX executable /home/adminuser/ws_moveit3/devel/lib/motion_planning/plan_reader[0m
[ 38%] [32m[1mLinking CXX executable /home/adminuser/ws_moveit3/devel/lib/motion_planning/matrix_storer_28[0m
[ 38%] Built target add_body
[35m[1mScanning dependencies of target tf_listener[0m
[ 40%] [32mBuilding CXX object CMakeFiles/tf_listener.dir/src/tf_listener.cpp.o[0m
[ 42%] [32m[1mLinking CXX executable /home/adminuser/ws_moveit3/devel/lib/motion_planning/matrix_storer_5[0m
[ 44%] [32m[1mLinking CXX executable /home/adminuser/ws_moveit3/devel/lib/motion_planning/move_cartesian[0m
[ 46%] [32m[1mLinking CXX executable /home/adminuser/ws_moveit3/devel/lib/motion_planning/matrix_storer[0m
[ 46%] Built target matrix_reader_18
[35m[1mScanning dependencies of target goal_publisher[0m
[ 48%] [32mBuilding CXX object CMakeFiles/goal_publisher.dir/src/goal_publisher.cpp.o[0m
[ 48%] Built target matrix_storer_28
[35m[1mScanning dependencies of target move_to_points[0m
[ 48%] Built target plan_reader
[ 50%] [32mBuilding CXX object CMakeFiles/move_to_points.dir/src/move_to_points.cpp.o[0m
[ 50%] Built target matrix_storer_5
[35m[1mScanning dependencies of target velocity_scaling[0m
[ 52%] [32mBuilding CXX object CMakeFiles/velocity_scaling.dir/src/velocity_scaling.cpp.o[0m
[ 54%] [32m[1mLinking CXX executable /home/adminuser/ws_moveit3/devel/lib/motion_planning/move_cSpace[0m
[ 54%] Built target move_cartesian
[35m[1mScanning dependencies of target matrix_reader_5[0m
[ 56%] [32mBuilding CXX object CMakeFiles/matrix_reader_5.dir/src/matrix_reader_5.cpp.o[0m
[ 56%] Built target matrix_storer
[35m[1mScanning dependencies of target move_iter_plan[0m
[ 58%] [32mBuilding CXX object CMakeFiles/move_iter_plan.dir/src/move_iter_plan.cpp.o[0m
[ 58%] Built target move_cSpace
[35m[1mScanning dependencies of target sphere_rosBridge[0m
[ 60%] [32mBuilding CXX object CMakeFiles/sphere_rosBridge.dir/src/sphere_rosBridge.cpp.o[0m
[ 62%] [32m[1mLinking CXX executable /home/adminuser/ws_moveit3/devel/lib/motion_planning/tf_listener[0m
[ 62%] Built target tf_listener
[35m[1mScanning dependencies of target move_surfaces[0m
[ 64%] [32mBuilding CXX object CMakeFiles/move_surfaces.dir/src/move_surfaces.cpp.o[0m
[ 66%] [32m[1mLinking CXX executable /home/adminuser/ws_moveit3/devel/lib/motion_planning/goal_publisher[0m
[ 66%] Built target goal_publisher
[35m[1mScanning dependencies of target move_jSpace[0m
[ 68%] [32mBuilding CXX object CMakeFiles/move_jSpace.dir/src/move_jSpace.cpp.o[0m
[ 70%] [32m[1mLinking CXX executable /home/adminuser/ws_moveit3/devel/lib/motion_planning/matrix_storer_18[0m
[ 70%] Built target matrix_storer_18
[35m[1mScanning dependencies of target obj_tf[0m
[ 72%] [32mBuilding CXX object CMakeFiles/obj_tf.dir/src/obj_tf.cpp.o[0m
[ 74%] [32m[1mLinking CXX executable /home/adminuser/ws_moveit3/devel/lib/motion_planning/velocity_scaling[0m
[ 76%] [32m[1mLinking CXX executable /home/adminuser/ws_moveit3/devel/lib/motion_planning/move_to_points[0m
[ 78%] [32m[1mLinking CXX executable /home/adminuser/ws_moveit3/devel/lib/motion_planning/move_jSpace[0m
[ 80%] [32m[1mLinking CXX executable /home/adminuser/ws_moveit3/devel/lib/motion_planning/move_iter_plan[0m
[ 80%] Built target velocity_scaling
[35m[1mScanning dependencies of target matrix_reader[0m
[ 80%] Built target move_to_points
[35m[1mScanning dependencies of target des_frame_pub[0m
[ 82%] [32mBuilding CXX object CMakeFiles/matrix_reader.dir/src/matrix_reader.cpp.o[0m
[ 84%] [32mBuilding CXX object CMakeFiles/des_frame_pub.dir/src/des_frame_pub.cpp.o[0m
[ 84%] Built target move_jSpace
[35m[1mScanning dependencies of target into_ws[0m
[ 86%] [32mBuilding CXX object CMakeFiles/into_ws.dir/src/into_ws.cpp.o[0m
[ 88%] [32m[1mLinking CXX executable /home/adminuser/ws_moveit3/devel/lib/motion_planning/sphere_rosBridge[0m
[ 88%] Built target move_iter_plan
[ 90%] [32m[1mLinking CXX executable /home/adminuser/ws_moveit3/devel/lib/motion_planning/matrix_reader_5[0m
[ 90%] Built target sphere_rosBridge
[ 92%] [32m[1mLinking CXX executable /home/adminuser/ws_moveit3/devel/lib/motion_planning/des_frame_pub[0m
[ 92%] Built target matrix_reader_5
[ 92%] Built target des_frame_pub
[ 94%] [32m[1mLinking CXX executable /home/adminuser/ws_moveit3/devel/lib/motion_planning/move_surfaces[0m
[ 94%] Built target move_surfaces
[ 96%] [32m[1mLinking CXX executable /home/adminuser/ws_moveit3/devel/lib/motion_planning/obj_tf[0m
[ 96%] Built target obj_tf
[ 98%] [32m[1mLinking CXX executable /home/adminuser/ws_moveit3/devel/lib/motion_planning/into_ws[0m
[100%] [32m[1mLinking CXX executable /home/adminuser/ws_moveit3/devel/lib/motion_planning/matrix_reader[0m
[100%] Built target into_ws
[100%] Built target matrix_reader
