[35m[1mScanning dependencies of target _industrial_msgs_generate_messages_check_deps_ServiceReturnCode[0m
[  0%] Built target _industrial_msgs_generate_messages_check_deps_ServiceReturnCode
[35m[1mScanning dependencies of target _industrial_msgs_generate_messages_check_deps_DeviceInfo[0m
[  0%] Built target _industrial_msgs_generate_messages_check_deps_DeviceInfo
[35m[1mScanning dependencies of target trajectory_msgs_generate_messages_eus[0m
[  0%] Built target trajectory_msgs_generate_messages_eus
[35m[1mScanning dependencies of target _industrial_msgs_generate_messages_check_deps_StartMotion[0m
[  0%] Built target _industrial_msgs_generate_messages_check_deps_StartMotion
[35m[1mScanning dependencies of target _industrial_msgs_generate_messages_check_deps_SetRemoteLoggerLevel[0m
[35m[1mScanning dependencies of target _industrial_msgs_generate_messages_check_deps_StopMotion[0m
[  0%] Built target _industrial_msgs_generate_messages_check_deps_SetRemoteLoggerLevel
[  0%] Built target _industrial_msgs_generate_messages_check_deps_StopMotion
[35m[1mScanning dependencies of target _industrial_msgs_generate_messages_check_deps_RobotMode[0m
[35m[1mScanning dependencies of target _industrial_msgs_generate_messages_check_deps_DebugLevel[0m
[  0%] Built target _industrial_msgs_generate_messages_check_deps_RobotMode
[  0%] Built target _industrial_msgs_generate_messages_check_deps_DebugLevel
[35m[1mScanning dependencies of target std_msgs_generate_messages_eus[0m
[  0%] Built target std_msgs_generate_messages_eus
[35m[1mScanning dependencies of target _industrial_msgs_generate_messages_check_deps_CmdJointTrajectory[0m
[  0%] Built target _industrial_msgs_generate_messages_check_deps_CmdJointTrajectory
[35m[1mScanning dependencies of target _industrial_msgs_generate_messages_check_deps_RobotStatus[0m
[  0%] Built target _industrial_msgs_generate_messages_check_deps_RobotStatus
[35m[1mScanning dependencies of target _industrial_msgs_generate_messages_check_deps_SetDrivePower[0m
[  0%] Built target _industrial_msgs_generate_messages_check_deps_SetDrivePower
[35m[1mScanning dependencies of target _industrial_msgs_generate_messages_check_deps_TriState[0m
[  0%] Built target _industrial_msgs_generate_messages_check_deps_TriState
[35m[1mScanning dependencies of target _industrial_msgs_generate_messages_check_deps_GetRobotInfo[0m
[  0%] Built target _industrial_msgs_generate_messages_check_deps_GetRobotInfo
[35m[1mScanning dependencies of target std_msgs_generate_messages_py[0m
[35m[1mScanning dependencies of target trajectory_msgs_generate_messages_py[0m
[  0%] Built target std_msgs_generate_messages_py
[  0%] Built target trajectory_msgs_generate_messages_py
[35m[1mScanning dependencies of target trajectory_msgs_generate_messages_nodejs[0m
[  0%] Built target trajectory_msgs_generate_messages_nodejs
[35m[1mScanning dependencies of target std_msgs_generate_messages_nodejs[0m
[  0%] Built target std_msgs_generate_messages_nodejs
[35m[1mScanning dependencies of target std_msgs_generate_messages_lisp[0m
[  0%] Built target std_msgs_generate_messages_lisp
[35m[1mScanning dependencies of target trajectory_msgs_generate_messages_lisp[0m
[  0%] Built target trajectory_msgs_generate_messages_lisp
[35m[1mScanning dependencies of target trajectory_msgs_generate_messages_cpp[0m
[  0%] Built target trajectory_msgs_generate_messages_cpp
[35m[1mScanning dependencies of target std_msgs_generate_messages_cpp[0m
[  0%] Built target std_msgs_generate_messages_cpp
[35m[1mScanning dependencies of target industrial_msgs_generate_messages_eus[0m
[ 20%] Built target industrial_msgs_generate_messages_eus
[35m[1mScanning dependencies of target industrial_msgs_generate_messages_py[0m
[ 42%] Built target industrial_msgs_generate_messages_py
[35m[1mScanning dependencies of target industrial_msgs_generate_messages_nodejs[0m
[ 61%] Built target industrial_msgs_generate_messages_nodejs
[35m[1mScanning dependencies of target industrial_msgs_generate_messages_lisp[0m
[ 80%] Built target industrial_msgs_generate_messages_lisp
[35m[1mScanning dependencies of target industrial_msgs_generate_messages_cpp[0m
[100%] Built target industrial_msgs_generate_messages_cpp
[35m[1mScanning dependencies of target industrial_msgs_generate_messages[0m
[100%] Built target industrial_msgs_generate_messages
