Determining if the pthread_create exist failed with the following output:
Change Dir: /home/adminuser/ws_moveitbk/build/ur_gazebo/CMakeFiles/CMakeTmp

Run Build Command:"/usr/bin/make" "cmTC_7a68f/fast"
/usr/bin/make -f CMakeFiles/cmTC_7a68f.dir/build.make CMakeFiles/cmTC_7a68f.dir/build
make[1]: Entering directory '/home/adminuser/ws_moveitbk/build/ur_gazebo/CMakeFiles/CMakeTmp'
Building C object CMakeFiles/cmTC_7a68f.dir/CheckSymbolExists.c.o
/usr/bin/cc    -o CMakeFiles/cmTC_7a68f.dir/CheckSymbolExists.c.o   -c /home/adminuser/ws_moveitbk/build/ur_gazebo/CMakeFiles/CMakeTmp/CheckSymbolExists.c
Linking C executable cmTC_7a68f
/usr/bin/cmake -E cmake_link_script CMakeFiles/cmTC_7a68f.dir/link.txt --verbose=1
/usr/bin/cc      -rdynamic CMakeFiles/cmTC_7a68f.dir/CheckSymbolExists.c.o  -o cmTC_7a68f 
CMakeFiles/cmTC_7a68f.dir/CheckSymbolExists.c.o: In function `main':
CheckSymbolExists.c:(.text+0x1b): undefined reference to `pthread_create'
collect2: error: ld returned 1 exit status
CMakeFiles/cmTC_7a68f.dir/build.make:97: recipe for target 'cmTC_7a68f' failed
make[1]: *** [cmTC_7a68f] Error 1
make[1]: Leaving directory '/home/adminuser/ws_moveitbk/build/ur_gazebo/CMakeFiles/CMakeTmp'
Makefile:126: recipe for target 'cmTC_7a68f/fast' failed
make: *** [cmTC_7a68f/fast] Error 2

File /home/adminuser/ws_moveitbk/build/ur_gazebo/CMakeFiles/CMakeTmp/CheckSymbolExists.c:
/* */
#include <pthread.h>

int main(int argc, char** argv)
{
  (void)argv;
#ifndef pthread_create
  return ((int*)(&pthread_create))[argc];
#else
  (void)argc;
  return 0;
#endif
}

Determining if the function pthread_create exists in the pthreads failed with the following output:
Change Dir: /home/adminuser/ws_moveitbk/build/ur_gazebo/CMakeFiles/CMakeTmp

Run Build Command:"/usr/bin/make" "cmTC_cccfd/fast"
/usr/bin/make -f CMakeFiles/cmTC_cccfd.dir/build.make CMakeFiles/cmTC_cccfd.dir/build
make[1]: Entering directory '/home/adminuser/ws_moveitbk/build/ur_gazebo/CMakeFiles/CMakeTmp'
Building C object CMakeFiles/cmTC_cccfd.dir/CheckFunctionExists.c.o
/usr/bin/cc   -DCHECK_FUNCTION_EXISTS=pthread_create   -o CMakeFiles/cmTC_cccfd.dir/CheckFunctionExists.c.o   -c /usr/share/cmake-3.10/Modules/CheckFunctionExists.c
Linking C executable cmTC_cccfd
/usr/bin/cmake -E cmake_link_script CMakeFiles/cmTC_cccfd.dir/link.txt --verbose=1
/usr/bin/cc  -DCHECK_FUNCTION_EXISTS=pthread_create    -rdynamic CMakeFiles/cmTC_cccfd.dir/CheckFunctionExists.c.o  -o cmTC_cccfd -lpthreads 
/usr/bin/ld: cannot find -lpthreads
collect2: error: ld returned 1 exit status
CMakeFiles/cmTC_cccfd.dir/build.make:97: recipe for target 'cmTC_cccfd' failed
make[1]: *** [cmTC_cccfd] Error 1
make[1]: Leaving directory '/home/adminuser/ws_moveitbk/build/ur_gazebo/CMakeFiles/CMakeTmp'
Makefile:126: recipe for target 'cmTC_cccfd/fast' failed
make: *** [cmTC_cccfd/fast] Error 2


