Determining if the pthread_create exist failed with the following output:
Change Dir: /home/adminuser/ws_moveitbk/build/motion_planning/CMakeFiles/CMakeTmp

Run Build Command:"/usr/bin/make" "cmTC_063c6/fast"
/usr/bin/make -f CMakeFiles/cmTC_063c6.dir/build.make CMakeFiles/cmTC_063c6.dir/build
make[1]: Entering directory '/home/adminuser/ws_moveitbk/build/motion_planning/CMakeFiles/CMakeTmp'
Building C object CMakeFiles/cmTC_063c6.dir/CheckSymbolExists.c.o
/usr/bin/cc    -o CMakeFiles/cmTC_063c6.dir/CheckSymbolExists.c.o   -c /home/adminuser/ws_moveitbk/build/motion_planning/CMakeFiles/CMakeTmp/CheckSymbolExists.c
Linking C executable cmTC_063c6
/usr/bin/cmake -E cmake_link_script CMakeFiles/cmTC_063c6.dir/link.txt --verbose=1
/usr/bin/cc      -rdynamic CMakeFiles/cmTC_063c6.dir/CheckSymbolExists.c.o  -o cmTC_063c6 
CMakeFiles/cmTC_063c6.dir/CheckSymbolExists.c.o: In function `main':
CheckSymbolExists.c:(.text+0x1b): undefined reference to `pthread_create'
collect2: error: ld returned 1 exit status
CMakeFiles/cmTC_063c6.dir/build.make:97: recipe for target 'cmTC_063c6' failed
make[1]: *** [cmTC_063c6] Error 1
make[1]: Leaving directory '/home/adminuser/ws_moveitbk/build/motion_planning/CMakeFiles/CMakeTmp'
Makefile:126: recipe for target 'cmTC_063c6/fast' failed
make: *** [cmTC_063c6/fast] Error 2

File /home/adminuser/ws_moveitbk/build/motion_planning/CMakeFiles/CMakeTmp/CheckSymbolExists.c:
/* */
#include <pthread.h>

int main(int argc, char** argv)
{
  (void)argv;
#ifndef pthread_create
  return ((int*)(&pthread_create))[argc];
#else
  (void)argc;
  return 0;
#endif
}

Determining if the function pthread_create exists in the pthreads failed with the following output:
Change Dir: /home/adminuser/ws_moveitbk/build/motion_planning/CMakeFiles/CMakeTmp

Run Build Command:"/usr/bin/make" "cmTC_c2e4b/fast"
/usr/bin/make -f CMakeFiles/cmTC_c2e4b.dir/build.make CMakeFiles/cmTC_c2e4b.dir/build
make[1]: Entering directory '/home/adminuser/ws_moveitbk/build/motion_planning/CMakeFiles/CMakeTmp'
Building C object CMakeFiles/cmTC_c2e4b.dir/CheckFunctionExists.c.o
/usr/bin/cc   -DCHECK_FUNCTION_EXISTS=pthread_create   -o CMakeFiles/cmTC_c2e4b.dir/CheckFunctionExists.c.o   -c /usr/share/cmake-3.10/Modules/CheckFunctionExists.c
Linking C executable cmTC_c2e4b
/usr/bin/cmake -E cmake_link_script CMakeFiles/cmTC_c2e4b.dir/link.txt --verbose=1
/usr/bin/cc  -DCHECK_FUNCTION_EXISTS=pthread_create    -rdynamic CMakeFiles/cmTC_c2e4b.dir/CheckFunctionExists.c.o  -o cmTC_c2e4b -lpthreads 
/usr/bin/ld: cannot find -lpthreads
collect2: error: ld returned 1 exit status
CMakeFiles/cmTC_c2e4b.dir/build.make:97: recipe for target 'cmTC_c2e4b' failed
make[1]: *** [cmTC_c2e4b] Error 1
make[1]: Leaving directory '/home/adminuser/ws_moveitbk/build/motion_planning/CMakeFiles/CMakeTmp'
Makefile:126: recipe for target 'cmTC_c2e4b/fast' failed
make: *** [cmTC_c2e4b/fast] Error 2


